<?xml version="1.0" encoding="UTF-8"?>
<testsuite xmlns:xsi="http://www.w3.org/2001/XMLSchema-instance" xsi:noNamespaceSchemaLocation="https://maven.apache.org/surefire/maven-surefire-plugin/xsd/surefire-test-report.xsd" name="com.example.AppTest" time="0.036" tests="1" errors="0" skipped="0" failures="0">
  <properties>
    <property name="java.specification.version" value="21"/>
    <property name="sun.cpu.isalist" value="amd64"/>
    <property name="sun.jnu.encoding" value="Cp1252"/>
    <property name="java.class.path" value="C:\Users\louis.falce\Documents\custom-protocol-mapper\louis\target\test-classes;C:\Users\louis.falce\Documents\custom-protocol-mapper\louis\target\classes;C:\Users\louis.falce\.m2\repository\junit\junit\4.11\junit-4.11.jar;C:\Users\louis.falce\.m2\repository\org\hamcrest\hamcrest-core\1.3\hamcrest-core-1.3.jar;C:\Users\louis.falce\.m2\repository\org\keycloak\keycloak-core\20.0.5\keycloak-core-20.0.5.jar;C:\Users\louis.falce\.m2\repository\org\keycloak\keycloak-common\20.0.5\keycloak-common-20.0.5.jar;C:\Users\louis.falce\.m2\repository\com\sun\activation\jakarta.activation\1.2.2\jakarta.activation-1.2.2.jar;C:\Users\louis.falce\.m2\repository\com\fasterxml\jackson\core\jackson-core\2.13.4\jackson-core-2.13.4.jar;C:\Users\louis.falce\.m2\repository\com\fasterxml\jackson\core\jackson-databind\2.13.4.2\jackson-databind-2.13.4.2.jar;C:\Users\louis.falce\.m2\repository\org\keycloak\keycloak-server-spi\20.0.5\keycloak-server-spi-20.0.5.jar;C:\Users\louis.falce\.m2\repository\org\keycloak\keycloak-server-spi-private\20.0.5\keycloak-server-spi-private-20.0.5.jar;C:\Users\louis.falce\.m2\repository\org\apache\httpcomponents\httpclient\4.5.13\httpclient-4.5.13.jar;C:\Users\louis.falce\.m2\repository\org\apache\httpcomponents\httpcore\4.4.13\httpcore-4.4.13.jar;C:\Users\louis.falce\.m2\repository\commons-logging\commons-logging\1.2\commons-logging-1.2.jar;C:\Users\louis.falce\.m2\repository\commons-codec\commons-codec\1.11\commons-codec-1.11.jar;C:\Users\louis.falce\.m2\repository\com\github\ua-parser\uap-java\1.5.2\uap-java-1.5.2.jar;C:\Users\louis.falce\.m2\repository\org\yaml\snakeyaml\1.26\snakeyaml-1.26.jar;C:\Users\louis.falce\.m2\repository\org\apache\commons\commons-collections4\4.1\commons-collections4-4.1.jar;C:\Users\louis.falce\.m2\repository\org\keycloak\keycloak-services\20.0.5\keycloak-services-20.0.5.jar;C:\Users\louis.falce\.m2\repository\com\sun\mail\jakarta.mail\1.6.5\jakarta.mail-1.6.5.jar;C:\Users\louis.falce\.m2\repository\org\twitter4j\twitter4j-core\4.0.7\twitter4j-core-4.0.7.jar;C:\Users\louis.falce\.m2\repository\org\jboss\logging\jboss-logging\3.4.1.Final\jboss-logging-3.4.1.Final.jar;C:\Users\louis.falce\.m2\repository\org\jboss\spec\javax\ws\rs\jboss-jaxrs-api_2.1_spec\2.0.1.Final\jboss-jaxrs-api_2.1_spec-2.0.1.Final.jar;C:\Users\louis.falce\.m2\repository\org\jboss\spec\javax\transaction\jboss-transaction-api_1.3_spec\2.0.0.Final\jboss-transaction-api_1.3_spec-2.0.0.Final.jar;C:\Users\louis.falce\.m2\repository\org\jboss\resteasy\resteasy-multipart-provider\4.7.7.Final\resteasy-multipart-provider-4.7.7.Final.jar;C:\Users\louis.falce\.m2\repository\org\jboss\resteasy\resteasy-core-spi\4.7.7.Final\resteasy-core-spi-4.7.7.Final.jar;C:\Users\louis.falce\.m2\repository\org\jboss\spec\javax\annotation\jboss-annotations-api_1.3_spec\2.0.1.Final\jboss-annotations-api_1.3_spec-2.0.1.Final.jar;C:\Users\louis.falce\.m2\repository\org\jboss\spec\javax\xml\bind\jboss-jaxb-api_2.3_spec\2.0.0.Final\jboss-jaxb-api_2.3_spec-2.0.0.Final.jar;C:\Users\louis.falce\.m2\repository\org\reactivestreams\reactive-streams\1.0.3\reactive-streams-1.0.3.jar;C:\Users\louis.falce\.m2\repository\jakarta\validation\jakarta.validation-api\2.0.2\jakarta.validation-api-2.0.2.jar;C:\Users\louis.falce\.m2\repository\org\jboss\resteasy\resteasy-core\4.7.7.Final\resteasy-core-4.7.7.Final.jar;C:\Users\louis.falce\.m2\repository\jakarta\activation\jakarta.activation-api\1.2.1\jakarta.activation-api-1.2.1.jar;C:\Users\louis.falce\.m2\repository\com\ibm\async\asyncutil\0.1.0\asyncutil-0.1.0.jar;C:\Users\louis.falce\.m2\repository\io\smallrye\config\smallrye-config\2.3.0\smallrye-config-2.3.0.jar;C:\Users\louis.falce\.m2\repository\io\smallrye\config\smallrye-config-core\2.3.0\smallrye-config-core-2.3.0.jar;C:\Users\louis.falce\.m2\repository\org\eclipse\microprofile\config\microprofile-config-api\2.0\microprofile-config-api-2.0.jar;C:\Users\louis.falce\.m2\repository\io\smallrye\common\smallrye-common-annotation\1.6.0\smallrye-common-annotation-1.6.0.jar;C:\Users\louis.falce\.m2\repository\io\smallrye\common\smallrye-common-expression\1.6.0\smallrye-common-expression-1.6.0.jar;C:\Users\louis.falce\.m2\repository\io\smallrye\common\smallrye-common-function\1.6.0\smallrye-common-function-1.6.0.jar;C:\Users\louis.falce\.m2\repository\io\smallrye\common\smallrye-common-constraint\1.6.0\smallrye-common-constraint-1.6.0.jar;C:\Users\louis.falce\.m2\repository\io\smallrye\common\smallrye-common-classloader\1.6.0\smallrye-common-classloader-1.6.0.jar;C:\Users\louis.falce\.m2\repository\org\ow2\asm\asm\9.1\asm-9.1.jar;C:\Users\louis.falce\.m2\repository\io\smallrye\config\smallrye-config-common\2.3.0\smallrye-config-common-2.3.0.jar;C:\Users\louis.falce\.m2\repository\org\jboss\resteasy\resteasy-jaxb-provider\4.7.7.Final\resteasy-jaxb-provider-4.7.7.Final.jar;C:\Users\louis.falce\.m2\repository\org\glassfish\jaxb\jaxb-runtime\2.3.3-b02\jaxb-runtime-2.3.3-b02.jar;C:\Users\louis.falce\.m2\repository\org\glassfish\jaxb\txw2\2.3.3-b02\txw2-2.3.3-b02.jar;C:\Users\louis.falce\.m2\repository\com\sun\istack\istack-commons-runtime\3.0.10\istack-commons-runtime-3.0.10.jar;C:\Users\louis.falce\.m2\repository\org\apache\james\apache-mime4j-dom\0.8.3\apache-mime4j-dom-0.8.3.jar;C:\Users\louis.falce\.m2\repository\org\apache\james\apache-mime4j-core\0.8.3\apache-mime4j-core-0.8.3.jar;C:\Users\louis.falce\.m2\repository\org\apache\james\apache-mime4j-storage\0.8.3\apache-mime4j-storage-0.8.3.jar;C:\Users\louis.falce\.m2\repository\commons-io\commons-io\2.4\commons-io-2.4.jar;C:\Users\louis.falce\.m2\repository\com\googlecode\owasp-java-html-sanitizer\owasp-java-html-sanitizer\20211018.2\owasp-java-html-sanitizer-20211018.2.jar;C:\Users\louis.falce\.m2\repository\com\google\guava\guava\30.1-jre\guava-30.1-jre.jar;C:\Users\louis.falce\.m2\repository\com\google\guava\failureaccess\1.0.1\failureaccess-1.0.1.jar;C:\Users\louis.falce\.m2\repository\com\google\guava\listenablefuture\9999.0-empty-to-avoid-conflict-with-guava\listenablefuture-9999.0-empty-to-avoid-conflict-with-guava.jar;C:\Users\louis.falce\.m2\repository\com\google\code\findbugs\jsr305\3.0.2\jsr305-3.0.2.jar;C:\Users\louis.falce\.m2\repository\com\google\errorprone\error_prone_annotations\2.3.4\error_prone_annotations-2.3.4.jar;C:\Users\louis.falce\.m2\repository\com\google\j2objc\j2objc-annotations\1.3\j2objc-annotations-1.3.jar;C:\Users\louis.falce\.m2\repository\com\fasterxml\jackson\core\jackson-annotations\2.13.4\jackson-annotations-2.13.4.jar;C:\Users\louis.falce\.m2\repository\com\fasterxml\jackson\datatype\jackson-datatype-jdk8\2.13.4\jackson-datatype-jdk8-2.13.4.jar;C:\Users\louis.falce\.m2\repository\com\google\zxing\javase\3.4.0\javase-3.4.0.jar;C:\Users\louis.falce\.m2\repository\com\google\zxing\core\3.4.0\core-3.4.0.jar;C:\Users\louis.falce\.m2\repository\com\github\jai-imageio\jai-imageio-core\1.4.0\jai-imageio-core-1.4.0.jar;C:\Users\louis.falce\.m2\repository\com\webauthn4j\webauthn4j-core\0.20.0.RELEASE\webauthn4j-core-0.20.0.RELEASE.jar;C:\Users\louis.falce\.m2\repository\com\webauthn4j\webauthn4j-util\0.20.0.RELEASE\webauthn4j-util-0.20.0.RELEASE.jar;C:\Users\louis.falce\.m2\repository\org\slf4j\slf4j-api\1.7.36\slf4j-api-1.7.36.jar;C:\Users\louis.falce\.m2\repository\org\apache\kerby\kerby-asn1\2.0.2\kerby-asn1-2.0.2.jar;C:\Users\louis.falce\.m2\repository\com\fasterxml\jackson\dataformat\jackson-dataformat-cbor\2.13.3\jackson-dataformat-cbor-2.13.3.jar;C:\Users\louis.falce\.m2\repository\org\checkerframework\checker-qual\3.22.0\checker-qual-3.22.0.jar;"/>
    <property name="java.vm.vendor" value="Oracle Corporation"/>
    <property name="sun.arch.data.model" value="64"/>
    <property name="user.variant" value=""/>
    <property name="java.vendor.url" value="https://java.oracle.com/"/>
    <property name="user.timezone" value="Europe/Paris"/>
    <property name="os.name" value="Windows 11"/>
    <property name="java.vm.specification.version" value="21"/>
    <property name="sun.java.launcher" value="SUN_STANDARD"/>
    <property name="user.country" value="FR"/>
    <property name="sun.boot.library.path" value="C:\Program Files\Java\jdk-21\bin"/>
    <property name="sun.java.command" value="C:\Users\LOUIS~1.FAL\AppData\Local\Temp\surefire2526889474302880625\surefirebooter6629239229923055625.jar C:\Users\louis.falce\AppData\Local\Temp\surefire2526889474302880625 2024-03-04T12-13-26_958-jvmRun1 surefire15274907560431864338tmp surefire_0516218958714711057tmp"/>
    <property name="jdk.debug" value="release"/>
    <property name="surefire.test.class.path" value="C:\Users\louis.falce\Documents\custom-protocol-mapper\louis\target\test-classes;C:\Users\louis.falce\Documents\custom-protocol-mapper\louis\target\classes;C:\Users\louis.falce\.m2\repository\junit\junit\4.11\junit-4.11.jar;C:\Users\louis.falce\.m2\repository\org\hamcrest\hamcrest-core\1.3\hamcrest-core-1.3.jar;C:\Users\louis.falce\.m2\repository\org\keycloak\keycloak-core\20.0.5\keycloak-core-20.0.5.jar;C:\Users\louis.falce\.m2\repository\org\keycloak\keycloak-common\20.0.5\keycloak-common-20.0.5.jar;C:\Users\louis.falce\.m2\repository\com\sun\activation\jakarta.activation\1.2.2\jakarta.activation-1.2.2.jar;C:\Users\louis.falce\.m2\repository\com\fasterxml\jackson\core\jackson-core\2.13.4\jackson-core-2.13.4.jar;C:\Users\louis.falce\.m2\repository\com\fasterxml\jackson\core\jackson-databind\2.13.4.2\jackson-databind-2.13.4.2.jar;C:\Users\louis.falce\.m2\repository\org\keycloak\keycloak-server-spi\20.0.5\keycloak-server-spi-20.0.5.jar;C:\Users\louis.falce\.m2\repository\org\keycloak\keycloak-server-spi-private\20.0.5\keycloak-server-spi-private-20.0.5.jar;C:\Users\louis.falce\.m2\repository\org\apache\httpcomponents\httpclient\4.5.13\httpclient-4.5.13.jar;C:\Users\louis.falce\.m2\repository\org\apache\httpcomponents\httpcore\4.4.13\httpcore-4.4.13.jar;C:\Users\louis.falce\.m2\repository\commons-logging\commons-logging\1.2\commons-logging-1.2.jar;C:\Users\louis.falce\.m2\repository\commons-codec\commons-codec\1.11\commons-codec-1.11.jar;C:\Users\louis.falce\.m2\repository\com\github\ua-parser\uap-java\1.5.2\uap-java-1.5.2.jar;C:\Users\louis.falce\.m2\repository\org\yaml\snakeyaml\1.26\snakeyaml-1.26.jar;C:\Users\louis.falce\.m2\repository\org\apache\commons\commons-collections4\4.1\commons-collections4-4.1.jar;C:\Users\louis.falce\.m2\repository\org\keycloak\keycloak-services\20.0.5\keycloak-services-20.0.5.jar;C:\Users\louis.falce\.m2\repository\com\sun\mail\jakarta.mail\1.6.5\jakarta.mail-1.6.5.jar;C:\Users\louis.falce\.m2\repository\org\twitter4j\twitter4j-core\4.0.7\twitter4j-core-4.0.7.jar;C:\Users\louis.falce\.m2\repository\org\jboss\logging\jboss-logging\3.4.1.Final\jboss-logging-3.4.1.Final.jar;C:\Users\louis.falce\.m2\repository\org\jboss\spec\javax\ws\rs\jboss-jaxrs-api_2.1_spec\2.0.1.Final\jboss-jaxrs-api_2.1_spec-2.0.1.Final.jar;C:\Users\louis.falce\.m2\repository\org\jboss\spec\javax\transaction\jboss-transaction-api_1.3_spec\2.0.0.Final\jboss-transaction-api_1.3_spec-2.0.0.Final.jar;C:\Users\louis.falce\.m2\repository\org\jboss\resteasy\resteasy-multipart-provider\4.7.7.Final\resteasy-multipart-provider-4.7.7.Final.jar;C:\Users\louis.falce\.m2\repository\org\jboss\resteasy\resteasy-core-spi\4.7.7.Final\resteasy-core-spi-4.7.7.Final.jar;C:\Users\louis.falce\.m2\repository\org\jboss\spec\javax\annotation\jboss-annotations-api_1.3_spec\2.0.1.Final\jboss-annotations-api_1.3_spec-2.0.1.Final.jar;C:\Users\louis.falce\.m2\repository\org\jboss\spec\javax\xml\bind\jboss-jaxb-api_2.3_spec\2.0.0.Final\jboss-jaxb-api_2.3_spec-2.0.0.Final.jar;C:\Users\louis.falce\.m2\repository\org\reactivestreams\reactive-streams\1.0.3\reactive-streams-1.0.3.jar;C:\Users\louis.falce\.m2\repository\jakarta\validation\jakarta.validation-api\2.0.2\jakarta.validation-api-2.0.2.jar;C:\Users\louis.falce\.m2\repository\org\jboss\resteasy\resteasy-core\4.7.7.Final\resteasy-core-4.7.7.Final.jar;C:\Users\louis.falce\.m2\repository\jakarta\activation\jakarta.activation-api\1.2.1\jakarta.activation-api-1.2.1.jar;C:\Users\louis.falce\.m2\repository\com\ibm\async\asyncutil\0.1.0\asyncutil-0.1.0.jar;C:\Users\louis.falce\.m2\repository\io\smallrye\config\smallrye-config\2.3.0\smallrye-config-2.3.0.jar;C:\Users\louis.falce\.m2\repository\io\smallrye\config\smallrye-config-core\2.3.0\smallrye-config-core-2.3.0.jar;C:\Users\louis.falce\.m2\repository\org\eclipse\microprofile\config\microprofile-config-api\2.0\microprofile-config-api-2.0.jar;C:\Users\louis.falce\.m2\repository\io\smallrye\common\smallrye-common-annotation\1.6.0\smallrye-common-annotation-1.6.0.jar;C:\Users\louis.falce\.m2\repository\io\smallrye\common\smallrye-common-expression\1.6.0\smallrye-common-expression-1.6.0.jar;C:\Users\louis.falce\.m2\repository\io\smallrye\common\smallrye-common-function\1.6.0\smallrye-common-function-1.6.0.jar;C:\Users\louis.falce\.m2\repository\io\smallrye\common\smallrye-common-constraint\1.6.0\smallrye-common-constraint-1.6.0.jar;C:\Users\louis.falce\.m2\repository\io\smallrye\common\smallrye-common-classloader\1.6.0\smallrye-common-classloader-1.6.0.jar;C:\Users\louis.falce\.m2\repository\org\ow2\asm\asm\9.1\asm-9.1.jar;C:\Users\louis.falce\.m2\repository\io\smallrye\config\smallrye-config-common\2.3.0\smallrye-config-common-2.3.0.jar;C:\Users\louis.falce\.m2\repository\org\jboss\resteasy\resteasy-jaxb-provider\4.7.7.Final\resteasy-jaxb-provider-4.7.7.Final.jar;C:\Users\louis.falce\.m2\repository\org\glassfish\jaxb\jaxb-runtime\2.3.3-b02\jaxb-runtime-2.3.3-b02.jar;C:\Users\louis.falce\.m2\repository\org\glassfish\jaxb\txw2\2.3.3-b02\txw2-2.3.3-b02.jar;C:\Users\louis.falce\.m2\repository\com\sun\istack\istack-commons-runtime\3.0.10\istack-commons-runtime-3.0.10.jar;C:\Users\louis.falce\.m2\repository\org\apache\james\apache-mime4j-dom\0.8.3\apache-mime4j-dom-0.8.3.jar;C:\Users\louis.falce\.m2\repository\org\apache\james\apache-mime4j-core\0.8.3\apache-mime4j-core-0.8.3.jar;C:\Users\louis.falce\.m2\repository\org\apache\james\apache-mime4j-storage\0.8.3\apache-mime4j-storage-0.8.3.jar;C:\Users\louis.falce\.m2\repository\commons-io\commons-io\2.4\commons-io-2.4.jar;C:\Users\louis.falce\.m2\repository\com\googlecode\owasp-java-html-sanitizer\owasp-java-html-sanitizer\20211018.2\owasp-java-html-sanitizer-20211018.2.jar;C:\Users\louis.falce\.m2\repository\com\google\guava\guava\30.1-jre\guava-30.1-jre.jar;C:\Users\louis.falce\.m2\repository\com\google\guava\failureaccess\1.0.1\failureaccess-1.0.1.jar;C:\Users\louis.falce\.m2\repository\com\google\guava\listenablefuture\9999.0-empty-to-avoid-conflict-with-guava\listenablefuture-9999.0-empty-to-avoid-conflict-with-guava.jar;C:\Users\louis.falce\.m2\repository\com\google\code\findbugs\jsr305\3.0.2\jsr305-3.0.2.jar;C:\Users\louis.falce\.m2\repository\com\google\errorprone\error_prone_annotations\2.3.4\error_prone_annotations-2.3.4.jar;C:\Users\louis.falce\.m2\repository\com\google\j2objc\j2objc-annotations\1.3\j2objc-annotations-1.3.jar;C:\Users\louis.falce\.m2\repository\com\fasterxml\jackson\core\jackson-annotations\2.13.4\jackson-annotations-2.13.4.jar;C:\Users\louis.falce\.m2\repository\com\fasterxml\jackson\datatype\jackson-datatype-jdk8\2.13.4\jackson-datatype-jdk8-2.13.4.jar;C:\Users\louis.falce\.m2\repository\com\google\zxing\javase\3.4.0\javase-3.4.0.jar;C:\Users\louis.falce\.m2\repository\com\google\zxing\core\3.4.0\core-3.4.0.jar;C:\Users\louis.falce\.m2\repository\com\github\jai-imageio\jai-imageio-core\1.4.0\jai-imageio-core-1.4.0.jar;C:\Users\louis.falce\.m2\repository\com\webauthn4j\webauthn4j-core\0.20.0.RELEASE\webauthn4j-core-0.20.0.RELEASE.jar;C:\Users\louis.falce\.m2\repository\com\webauthn4j\webauthn4j-util\0.20.0.RELEASE\webauthn4j-util-0.20.0.RELEASE.jar;C:\Users\louis.falce\.m2\repository\org\slf4j\slf4j-api\1.7.36\slf4j-api-1.7.36.jar;C:\Users\louis.falce\.m2\repository\org\apache\kerby\kerby-asn1\2.0.2\kerby-asn1-2.0.2.jar;C:\Users\louis.falce\.m2\repository\com\fasterxml\jackson\dataformat\jackson-dataformat-cbor\2.13.3\jackson-dataformat-cbor-2.13.3.jar;C:\Users\louis.falce\.m2\repository\org\checkerframework\checker-qual\3.22.0\checker-qual-3.22.0.jar;"/>
    <property name="sun.cpu.endian" value="little"/>
    <property name="user.home" value="C:\Users\louis.falce"/>
    <property name="user.language" value="fr"/>
    <property name="java.specification.vendor" value="Oracle Corporation"/>
    <property name="java.version.date" value="2024-01-16"/>
    <property name="java.home" value="C:\Program Files\Java\jdk-21"/>
    <property name="file.separator" value="\"/>
    <property name="basedir" value="C:\Users\louis.falce\Documents\custom-protocol-mapper\louis"/>
    <property name="java.vm.compressedOopsMode" value="Zero based"/>
    <property name="line.separator" value="&#10;"/>
    <property name="java.vm.specification.vendor" value="Oracle Corporation"/>
    <property name="java.specification.name" value="Java Platform API Specification"/>
    <property name="surefire.real.class.path" value="C:\Users\LOUIS~1.FAL\AppData\Local\Temp\surefire2526889474302880625\surefirebooter6629239229923055625.jar"/>
    <property name="user.script" value=""/>
    <property name="sun.management.compiler" value="HotSpot 64-Bit Tiered Compilers"/>
    <property name="java.runtime.version" value="21.0.2+13-LTS-58"/>
    <property name="user.name" value="louis.falce"/>
    <property name="stdout.encoding" value="Cp1252"/>
    <property name="path.separator" value=";"/>
    <property name="os.version" value="10.0"/>
    <property name="java.runtime.name" value="Java(TM) SE Runtime Environment"/>
    <property name="file.encoding" value="UTF-8"/>
    <property name="java.vm.name" value="Java HotSpot(TM) 64-Bit Server VM"/>
    <property name="localRepository" value="C:\Users\louis.falce\.m2\repository"/>
    <property name="java.vendor.url.bug" value="https://bugreport.java.com/bugreport/"/>
    <property name="java.io.tmpdir" value="C:\Users\LOUIS~1.FAL\AppData\Local\Temp\"/>
    <property name="java.version" value="21.0.2"/>
    <property name="user.dir" value="C:\Users\louis.falce\Documents\custom-protocol-mapper\louis"/>
    <property name="os.arch" value="amd64"/>
    <property name="java.vm.specification.name" value="Java Virtual Machine Specification"/>
    <property name="sun.os.patch.level" value=""/>
    <property name="native.encoding" value="Cp1252"/>
    <property name="java.library.path" value="C:\Program Files\Java\jdk-21\bin;C:\windows\Sun\Java\bin;C:\windows\system32;C:\windows;C:\Users\louis.falce\bin;C:\Program Files\Git\mingw64\bin;C:\Program Files\Git\usr\local\bin;C:\Program Files\Git\usr\bin;C:\Program Files\Git\usr\bin;C:\Program Files\Git\mingw64\bin;C:\Program Files\Git\usr\bin;C:\Users\louis.falce\bin;C:\Program Files\Common Files\Oracle\Java\javapath;C:\Python312\Scripts;C:\Python312;C:\Program Files\Eclipse Adoptium\jdk-17.0.6.10-hotspot\bin;C:\Program Files (x86)\Common Files\Oracle\Java\javapath;C:\windows\system32;C:\windows;C:\windows\System32\Wbem;C:\windows\System32\WindowsPowerShell\v1.0;C:\windows\System32\OpenSSH;C:\Program Files (x86)\Pulumi;C:\Program Files\WindowsPowerShell\Scripts;C:\Program Files\nodejs;C:\ProgramData\chocolatey\bin;C:\Program Files\Geth;C:\Program Files\Git\cmd;C:\Program Files\Common Files\Oracle\Java\javapath;C:\Python312\Scripts;C:\Python312;C:\Program Files\Eclipse Adoptium\jdk-17.0.6.10-hotspot\bin;C:\Program Files (x86)\Common Files\Oracle\Java\javapath;C:\windows\system32;C:\windows;C:\windows\System32\Wbem;C:\windows\System32\WindowsPowerShell\v1.0;C:\windows\System32\OpenSSH;C:\Program Files (x86)\Pulumi;C:\Program Files\WindowsPowerShell\Scripts;C:\Program Files\nodejs;C:\ProgramData\chocolatey\bin;C:\Program Files\Geth;C:\Program Files\Git\cmd;C:\Program Files\Java\jdk-21\bin;C:\Program Files\Java\jdk-21\bin;C:\Program Files\Java\apache-maven-3.9.6\bin;C:\Program Files\Git\usr\bin\vendor_perl;C:\Program Files\Git\usr\bin\core_perl;."/>
    <property name="java.vm.info" value="mixed mode, sharing"/>
    <property name="stderr.encoding" value="Cp1252"/>
    <property name="java.vendor" value="Oracle Corporation"/>
    <property name="java.vm.version" value="21.0.2+13-LTS-58"/>
    <property name="sun.io.unicode.encoding" value="UnicodeLittle"/>
    <property name="java.class.version" value="65.0"/>
  </properties>
  <testcase name="shouldAnswerWithTrue" classname="com.example.AppTest" time="0.003"/>
</testsuite>